<?xml version="1.0" encoding="UTF-8"?>
<testsuite xmlns:xsi="http://www.w3.org/2001/XMLSchema-instance" xsi:noNamespaceSchemaLocation="https://maven.apache.org/surefire/maven-surefire-plugin/xsd/surefire-test-report.xsd" name="com.syumaK.AWSPinpoint.AmazonPinpointSampleTest" time="0.033" tests="1" errors="0" skipped="0" failures="0">
  <properties>
    <property name="sun.desktop" value="gnome"/>
    <property name="awt.toolkit" value="sun.awt.X11.XToolkit"/>
    <property name="file.encoding.pkg" value="sun.io"/>
    <property name="java.specification.version" value="1.8"/>
    <property name="sun.cpu.isalist" value=""/>
    <property name="sun.jnu.encoding" value="UTF-8"/>
    <property name="java.class.path" value="/home/syumak/Desktop/Home-Projects/JAVA/AWSPinpoint/target/test-classes:/home/syumak/Desktop/Home-Projects/JAVA/AWSPinpoint/target/classes:/home/syumak/.m2/repository/junit/junit/4.11/junit-4.11.jar:/home/syumak/.m2/repository/org/hamcrest/hamcrest-core/1.3/hamcrest-core-1.3.jar:/home/syumak/.m2/repository/software/amazon/awssdk/regions/2.9.20/regions-2.9.20.jar:/home/syumak/.m2/repository/software/amazon/awssdk/annotations/2.9.20/annotations-2.9.20.jar:/home/syumak/.m2/repository/software/amazon/awssdk/utils/2.9.20/utils-2.9.20.jar:/home/syumak/.m2/repository/org/reactivestreams/reactive-streams/1.0.2/reactive-streams-1.0.2.jar:/home/syumak/.m2/repository/software/amazon/awssdk/sdk-core/2.9.20/sdk-core-2.9.20.jar:/home/syumak/.m2/repository/software/amazon/awssdk/http-client-spi/2.9.20/http-client-spi-2.9.20.jar:/home/syumak/.m2/repository/com/fasterxml/jackson/core/jackson-core/2.9.9/jackson-core-2.9.9.jar:/home/syumak/.m2/repository/software/amazon/awssdk/profiles/2.9.20/profiles-2.9.20.jar:/home/syumak/.m2/repository/com/fasterxml/jackson/core/jackson-databind/2.9.9/jackson-databind-2.9.9.jar:/home/syumak/.m2/repository/com/fasterxml/jackson/core/jackson-annotations/2.9.0/jackson-annotations-2.9.0.jar:/home/syumak/.m2/repository/org/slf4j/slf4j-api/1.7.28/slf4j-api-1.7.28.jar:/home/syumak/.m2/repository/com/amazonaws/aws-java-sdk-ses/1.11.658/aws-java-sdk-ses-1.11.658.jar:/home/syumak/.m2/repository/com/amazonaws/aws-java-sdk-core/1.11.658/aws-java-sdk-core-1.11.658.jar:/home/syumak/.m2/repository/commons-logging/commons-logging/1.1.3/commons-logging-1.1.3.jar:/home/syumak/.m2/repository/org/apache/httpcomponents/httpclient/4.5.9/httpclient-4.5.9.jar:/home/syumak/.m2/repository/org/apache/httpcomponents/httpcore/4.4.11/httpcore-4.4.11.jar:/home/syumak/.m2/repository/commons-codec/commons-codec/1.11/commons-codec-1.11.jar:/home/syumak/.m2/repository/software/amazon/ion/ion-java/1.0.2/ion-java-1.0.2.jar:/home/syumak/.m2/repository/com/fasterxml/jackson/dataformat/jackson-dataformat-cbor/2.6.7/jackson-dataformat-cbor-2.6.7.jar:/home/syumak/.m2/repository/joda-time/joda-time/2.8.1/joda-time-2.8.1.jar:/home/syumak/.m2/repository/com/amazonaws/jmespath-java/1.11.658/jmespath-java-1.11.658.jar:/home/syumak/.m2/repository/com/amazonaws/aws-java-sdk-pinpointemail/1.11.658/aws-java-sdk-pinpointemail-1.11.658.jar:/home/syumak/.m2/repository/javax/mail/mail/1.4/mail-1.4.jar:/home/syumak/.m2/repository/javax/activation/activation/1.1/activation-1.1.jar:"/>
    <property name="java.vm.vendor" value="Private Build"/>
    <property name="sun.arch.data.model" value="64"/>
    <property name="java.vendor.url" value="http://java.oracle.com/"/>
    <property name="user.timezone" value=""/>
    <property name="java.vm.specification.version" value="1.8"/>
    <property name="os.name" value="Linux"/>
    <property name="user.country" value="US"/>
    <property name="sun.java.launcher" value="SUN_STANDARD"/>
    <property name="sun.boot.library.path" value="/usr/lib/jvm/java-8-openjdk-amd64/jre/lib/amd64"/>
    <property name="sun.java.command" value="/home/syumak/Desktop/Home-Projects/JAVA/AWSPinpoint/target/surefire/surefirebooter6315402868652547510.jar /home/syumak/Desktop/Home-Projects/JAVA/AWSPinpoint/target/surefire 2019-11-09T18-08-28_932-jvmRun1 surefire4492880309994372906tmp surefire_05065337523261421034tmp"/>
    <property name="surefire.test.class.path" value="/home/syumak/Desktop/Home-Projects/JAVA/AWSPinpoint/target/test-classes:/home/syumak/Desktop/Home-Projects/JAVA/AWSPinpoint/target/classes:/home/syumak/.m2/repository/junit/junit/4.11/junit-4.11.jar:/home/syumak/.m2/repository/org/hamcrest/hamcrest-core/1.3/hamcrest-core-1.3.jar:/home/syumak/.m2/repository/software/amazon/awssdk/regions/2.9.20/regions-2.9.20.jar:/home/syumak/.m2/repository/software/amazon/awssdk/annotations/2.9.20/annotations-2.9.20.jar:/home/syumak/.m2/repository/software/amazon/awssdk/utils/2.9.20/utils-2.9.20.jar:/home/syumak/.m2/repository/org/reactivestreams/reactive-streams/1.0.2/reactive-streams-1.0.2.jar:/home/syumak/.m2/repository/software/amazon/awssdk/sdk-core/2.9.20/sdk-core-2.9.20.jar:/home/syumak/.m2/repository/software/amazon/awssdk/http-client-spi/2.9.20/http-client-spi-2.9.20.jar:/home/syumak/.m2/repository/com/fasterxml/jackson/core/jackson-core/2.9.9/jackson-core-2.9.9.jar:/home/syumak/.m2/repository/software/amazon/awssdk/profiles/2.9.20/profiles-2.9.20.jar:/home/syumak/.m2/repository/com/fasterxml/jackson/core/jackson-databind/2.9.9/jackson-databind-2.9.9.jar:/home/syumak/.m2/repository/com/fasterxml/jackson/core/jackson-annotations/2.9.0/jackson-annotations-2.9.0.jar:/home/syumak/.m2/repository/org/slf4j/slf4j-api/1.7.28/slf4j-api-1.7.28.jar:/home/syumak/.m2/repository/com/amazonaws/aws-java-sdk-ses/1.11.658/aws-java-sdk-ses-1.11.658.jar:/home/syumak/.m2/repository/com/amazonaws/aws-java-sdk-core/1.11.658/aws-java-sdk-core-1.11.658.jar:/home/syumak/.m2/repository/commons-logging/commons-logging/1.1.3/commons-logging-1.1.3.jar:/home/syumak/.m2/repository/org/apache/httpcomponents/httpclient/4.5.9/httpclient-4.5.9.jar:/home/syumak/.m2/repository/org/apache/httpcomponents/httpcore/4.4.11/httpcore-4.4.11.jar:/home/syumak/.m2/repository/commons-codec/commons-codec/1.11/commons-codec-1.11.jar:/home/syumak/.m2/repository/software/amazon/ion/ion-java/1.0.2/ion-java-1.0.2.jar:/home/syumak/.m2/repository/com/fasterxml/jackson/dataformat/jackson-dataformat-cbor/2.6.7/jackson-dataformat-cbor-2.6.7.jar:/home/syumak/.m2/repository/joda-time/joda-time/2.8.1/joda-time-2.8.1.jar:/home/syumak/.m2/repository/com/amazonaws/jmespath-java/1.11.658/jmespath-java-1.11.658.jar:/home/syumak/.m2/repository/com/amazonaws/aws-java-sdk-pinpointemail/1.11.658/aws-java-sdk-pinpointemail-1.11.658.jar:/home/syumak/.m2/repository/javax/mail/mail/1.4/mail-1.4.jar:/home/syumak/.m2/repository/javax/activation/activation/1.1/activation-1.1.jar:"/>
    <property name="sun.cpu.endian" value="little"/>
    <property name="user.home" value="/home/syumak"/>
    <property name="user.language" value="en"/>
    <property name="java.specification.vendor" value="Oracle Corporation"/>
    <property name="java.home" value="/usr/lib/jvm/java-8-openjdk-amd64/jre"/>
    <property name="basedir" value="/home/syumak/Desktop/Home-Projects/JAVA/AWSPinpoint"/>
    <property name="file.separator" value="/"/>
    <property name="line.separator" value="&#10;"/>
    <property name="java.vm.specification.vendor" value="Oracle Corporation"/>
    <property name="java.specification.name" value="Java Platform API Specification"/>
    <property name="java.awt.graphicsenv" value="sun.awt.X11GraphicsEnvironment"/>
    <property name="surefire.real.class.path" value="/home/syumak/Desktop/Home-Projects/JAVA/AWSPinpoint/target/surefire/surefirebooter6315402868652547510.jar"/>
    <property name="sun.boot.class.path" value="/usr/lib/jvm/java-8-openjdk-amd64/jre/lib/resources.jar:/usr/lib/jvm/java-8-openjdk-amd64/jre/lib/rt.jar:/usr/lib/jvm/java-8-openjdk-amd64/jre/lib/sunrsasign.jar:/usr/lib/jvm/java-8-openjdk-amd64/jre/lib/jsse.jar:/usr/lib/jvm/java-8-openjdk-amd64/jre/lib/jce.jar:/usr/lib/jvm/java-8-openjdk-amd64/jre/lib/charsets.jar:/usr/lib/jvm/java-8-openjdk-amd64/jre/lib/jfr.jar:/usr/lib/jvm/java-8-openjdk-amd64/jre/classes"/>
    <property name="sun.management.compiler" value="HotSpot 64-Bit Tiered Compilers"/>
    <property name="java.runtime.version" value="1.8.0_222-8u222-b10-1ubuntu1~18.04.1-b10"/>
    <property name="user.name" value="syumak"/>
    <property name="path.separator" value=":"/>
    <property name="os.version" value="4.15.0-66-generic"/>
    <property name="java.endorsed.dirs" value="/usr/lib/jvm/java-8-openjdk-amd64/jre/lib/endorsed"/>
    <property name="java.runtime.name" value="OpenJDK Runtime Environment"/>
    <property name="file.encoding" value="UTF-8"/>
    <property name="java.vm.name" value="OpenJDK 64-Bit Server VM"/>
    <property name="localRepository" value="/home/syumak/.m2/repository"/>
    <property name="java.vendor.url.bug" value="http://bugreport.sun.com/bugreport/"/>
    <property name="java.io.tmpdir" value="/tmp"/>
    <property name="java.version" value="1.8.0_222"/>
    <property name="user.dir" value="/home/syumak/Desktop/Home-Projects/JAVA/AWSPinpoint"/>
    <property name="os.arch" value="amd64"/>
    <property name="java.vm.specification.name" value="Java Virtual Machine Specification"/>
    <property name="java.awt.printerjob" value="sun.print.PSPrinterJob"/>
    <property name="sun.os.patch.level" value="unknown"/>
    <property name="java.library.path" value="/usr/java/packages/lib/amd64:/usr/lib/x86_64-linux-gnu/jni:/lib/x86_64-linux-gnu:/usr/lib/x86_64-linux-gnu:/usr/lib/jni:/lib:/usr/lib"/>
    <property name="java.vm.info" value="mixed mode"/>
    <property name="java.vendor" value="Private Build"/>
    <property name="java.vm.version" value="25.222-b10"/>
    <property name="java.ext.dirs" value="/usr/lib/jvm/java-8-openjdk-amd64/jre/lib/ext:/usr/java/packages/lib/ext"/>
    <property name="sun.io.unicode.encoding" value="UnicodeLittle"/>
    <property name="java.class.version" value="52.0"/>
  </properties>
  <testcase name="shouldAnswerWithTrue" classname="com.syumaK.AWSPinpoint.AmazonPinpointSampleTest" time="0.001"/>
</testsuite>